npm WARN ERESOLVE overriding peer dependency
npm WARN While resolving: use-sync-external-store@1.2.0
npm WARN Found: react@19.0.0
npm WARN node_modules/react
npm WARN   react@"^19.0.0" from the root project
npm WARN   16 more (@emotion/react, @emotion/styled, ...)
npm WARN 
npm WARN Could not resolve dependency:
npm WARN peer react@"^16.8.0 || ^17.0.0 || ^18.0.0" from use-sync-external-store@1.2.0
npm WARN node_modules/zustand/node_modules/use-sync-external-store
npm WARN   use-sync-external-store@"1.2.0" from zustand@4.4.0
npm WARN   node_modules/zustand
npm WARN 
npm WARN Conflicting peer dependency: react@18.3.1
npm WARN node_modules/react
npm WARN   peer react@"^16.8.0 || ^17.0.0 || ^18.0.0" from use-sync-external-store@1.2.0
npm WARN   node_modules/zustand/node_modules/use-sync-external-store
npm WARN     use-sync-external-store@"1.2.0" from zustand@4.4.0
npm WARN     node_modules/zustand
npm WARN EBADENGINE Unsupported engine {
npm WARN EBADENGINE   package: '@testing-library/dom@10.4.0',
npm WARN EBADENGINE   required: { node: '>=18' },
npm WARN EBADENGINE   current: { node: 'v16.17.0', npm: '8.19.2' }
npm WARN EBADENGINE }
npm WARN EBADENGINE Unsupported engine {
npm WARN EBADENGINE   package: '@testing-library/react@16.2.0',
npm WARN EBADENGINE   required: { node: '>=18' },
npm WARN EBADENGINE   current: { node: 'v16.17.0', npm: '8.19.2' }
npm WARN EBADENGINE }

up to date, audited 1450 packages in 2s

302 packages are looking for funding
  run `npm fund` for details

12 vulnerabilities (6 moderate, 6 high)

To address all issues (including breaking changes), run:
  npm audit fix --force

Run `npm audit` for details.
